Total products: 508
Found 483 products needing fixes

[1/20] Apple iPad Pro 13" M4 (Space Black, 256 GB, Wi-Fi)...
  ✗ Failed

[2/20] Apple Watch Series 10 GPS (46mm, Jet Black Alumini...
  ✗ Failed

[3/20] Apple iPhone 13 (Starlight, 128 GB)...
  ✗ Failed

[4/20] Apple iPhone 16 Pro Max (Desert Titanium, 256 GB)...
  ✗ Failed

[5/20] Apple iPhone 12 (Black, 64 GB)...
  ✗ Failed

💾 Saved progress (0 fixed)

[6/20] Samsung Galaxy S25 Ultra 5G (Titanium Gray, 512 GB...
  ✗ Failed

[7/20] Tempered Glass Screen Protector...
  ✗ Failed

[8/20] Levi's Men Slim Fit Jeans...
  ✗ Failed

[9/20] Nike Air Max 270 Running Shoes...
  ✗ Failed

[10/20] Fastrack Analog Watch for Men...
  ✗ Failed

💾 Saved progress (0 fixed)

[11/20] Men Printed Round Neck T-Shirt...
  ✗ Failed

[12/20] Sony WH-1000XM5 Wireless Headphones...
  ✗ Failed

[13/20] USB-C Fast Charging Cable (1m)...
  ✗ Failed

[14/20] Foldable Mobile Phone Stand...
  ✗ Failed

[15/20] boAt BassHeads 100 Wired Earphones...
  ✗ Failed

💾 Saved progress (0 fixed)

[16/20] Blackout Curtains (Set of 2)...
  ✗ Failed

[17/20] L'Oreal Paris Hyaluronic Acid Serum...
  ✗ Failed

[18/20] Google Pixel 8 Pro (Titanium, 512 GB)...
  ✗ Failed

[19/20] Google Pixel 8 Pro (Titanium, 1 TB)...
  ✗ Failed

[20/20] Apple iPhone 14 Pro Max (Silver, 1 TB)...
  ✗ Failed

💾 Saved progress (0 fixed)


✓ Fixed 0/20 products
